Determining if the Q_WS_WIN exist failed with the following output:
Change Dir: /home/salabeta/Teresa/ejemplo1/componente1/CMakeFiles/CMakeTmp

Run Build Command:"/usr/bin/make" "cmTryCompileExec1110456114/fast"
/usr/bin/make -f CMakeFiles/cmTryCompileExec1110456114.dir/build.make CMakeFiles/cmTryCompileExec1110456114.dir/build
make[1]: Entering directory '/home/salabeta/Teresa/ejemplo1/componente1/CMakeFiles/CMakeTmp'
/usr/bin/cmake -E cmake_progress_report /home/salabeta/Teresa/ejemplo1/componente1/CMakeFiles/CMakeTmp/CMakeFiles 1
Building CXX object CMakeFiles/cmTryCompileExec1110456114.dir/CheckSymbolExists.cxx.o
/usr/bin/c++    -I/usr/include/qt4    -o CMakeFiles/cmTryCompileExec1110456114.dir/CheckSymbolExists.cxx.o -c /home/salabeta/Teresa/ejemplo1/componente1/CMakeFiles/CMakeTmp/CheckSymbolExists.cxx
/home/salabeta/Teresa/ejemplo1/componente1/CMakeFiles/CMakeTmp/CheckSymbolExists.cxx: In function ‘int main(int, char**)’:
/home/salabeta/Teresa/ejemplo1/componente1/CMakeFiles/CMakeTmp/CheckSymbolExists.cxx:8:19: error: ‘Q_WS_WIN’ was not declared in this scope
   return ((int*)(&Q_WS_WIN))[argc];
                   ^
CMakeFiles/cmTryCompileExec1110456114.dir/build.make:57: recipe for target 'CMakeFiles/cmTryCompileExec1110456114.dir/CheckSymbolExists.cxx.o' failed
make[1]: *** [CMakeFiles/cmTryCompileExec1110456114.dir/CheckSymbolExists.cxx.o] Error 1
make[1]: Leaving directory '/home/salabeta/Teresa/ejemplo1/componente1/CMakeFiles/CMakeTmp'
Makefile:118: recipe for target 'cmTryCompileExec1110456114/fast' failed
make: *** [cmTryCompileExec1110456114/fast] Error 2

File /home/salabeta/Teresa/ejemplo1/componente1/CMakeFiles/CMakeTmp/CheckSymbolExists.cxx:
/* */
#include <QtCore/qglobal.h>

int main(int argc, char** argv)
{
  (void)argv;
#ifndef Q_WS_WIN
  return ((int*)(&Q_WS_WIN))[argc];
#else
  (void)argc;
  return 0;
#endif
}

Determining if the Q_WS_QWS exist failed with the following output:
Change Dir: /home/salabeta/Teresa/ejemplo1/componente1/CMakeFiles/CMakeTmp

Run Build Command:"/usr/bin/make" "cmTryCompileExec509265484/fast"
/usr/bin/make -f CMakeFiles/cmTryCompileExec509265484.dir/build.make CMakeFiles/cmTryCompileExec509265484.dir/build
make[1]: Entering directory '/home/salabeta/Teresa/ejemplo1/componente1/CMakeFiles/CMakeTmp'
/usr/bin/cmake -E cmake_progress_report /home/salabeta/Teresa/ejemplo1/componente1/CMakeFiles/CMakeTmp/CMakeFiles 1
Building CXX object CMakeFiles/cmTryCompileExec509265484.dir/CheckSymbolExists.cxx.o
/usr/bin/c++    -I/usr/include/qt4    -o CMakeFiles/cmTryCompileExec509265484.dir/CheckSymbolExists.cxx.o -c /home/salabeta/Teresa/ejemplo1/componente1/CMakeFiles/CMakeTmp/CheckSymbolExists.cxx
/home/salabeta/Teresa/ejemplo1/componente1/CMakeFiles/CMakeTmp/CheckSymbolExists.cxx: In function ‘int main(int, char**)’:
/home/salabeta/Teresa/ejemplo1/componente1/CMakeFiles/CMakeTmp/CheckSymbolExists.cxx:8:19: error: ‘Q_WS_QWS’ was not declared in this scope
   return ((int*)(&Q_WS_QWS))[argc];
                   ^
CMakeFiles/cmTryCompileExec509265484.dir/build.make:57: recipe for target 'CMakeFiles/cmTryCompileExec509265484.dir/CheckSymbolExists.cxx.o' failed
make[1]: *** [CMakeFiles/cmTryCompileExec509265484.dir/CheckSymbolExists.cxx.o] Error 1
make[1]: Leaving directory '/home/salabeta/Teresa/ejemplo1/componente1/CMakeFiles/CMakeTmp'
Makefile:118: recipe for target 'cmTryCompileExec509265484/fast' failed
make: *** [cmTryCompileExec509265484/fast] Error 2

File /home/salabeta/Teresa/ejemplo1/componente1/CMakeFiles/CMakeTmp/CheckSymbolExists.cxx:
/* */
#include <QtCore/qglobal.h>

int main(int argc, char** argv)
{
  (void)argv;
#ifndef Q_WS_QWS
  return ((int*)(&Q_WS_QWS))[argc];
#else
  (void)argc;
  return 0;
#endif
}

Determining if the Q_WS_MAC exist failed with the following output:
Change Dir: /home/salabeta/Teresa/ejemplo1/componente1/CMakeFiles/CMakeTmp

Run Build Command:"/usr/bin/make" "cmTryCompileExec2303597590/fast"
/usr/bin/make -f CMakeFiles/cmTryCompileExec2303597590.dir/build.make CMakeFiles/cmTryCompileExec2303597590.dir/build
make[1]: Entering directory '/home/salabeta/Teresa/ejemplo1/componente1/CMakeFiles/CMakeTmp'
/usr/bin/cmake -E cmake_progress_report /home/salabeta/Teresa/ejemplo1/componente1/CMakeFiles/CMakeTmp/CMakeFiles 1
Building CXX object CMakeFiles/cmTryCompileExec2303597590.dir/CheckSymbolExists.cxx.o
/usr/bin/c++    -I/usr/include/qt4    -o CMakeFiles/cmTryCompileExec2303597590.dir/CheckSymbolExists.cxx.o -c /home/salabeta/Teresa/ejemplo1/componente1/CMakeFiles/CMakeTmp/CheckSymbolExists.cxx
/home/salabeta/Teresa/ejemplo1/componente1/CMakeFiles/CMakeTmp/CheckSymbolExists.cxx: In function ‘int main(int, char**)’:
/home/salabeta/Teresa/ejemplo1/componente1/CMakeFiles/CMakeTmp/CheckSymbolExists.cxx:8:19: error: ‘Q_WS_MAC’ was not declared in this scope
   return ((int*)(&Q_WS_MAC))[argc];
                   ^
CMakeFiles/cmTryCompileExec2303597590.dir/build.make:57: recipe for target 'CMakeFiles/cmTryCompileExec2303597590.dir/CheckSymbolExists.cxx.o' failed
make[1]: *** [CMakeFiles/cmTryCompileExec2303597590.dir/CheckSymbolExists.cxx.o] Error 1
make[1]: Leaving directory '/home/salabeta/Teresa/ejemplo1/componente1/CMakeFiles/CMakeTmp'
Makefile:118: recipe for target 'cmTryCompileExec2303597590/fast' failed
make: *** [cmTryCompileExec2303597590/fast] Error 2

File /home/salabeta/Teresa/ejemplo1/componente1/CMakeFiles/CMakeTmp/CheckSymbolExists.cxx:
/* */
#include <QtCore/qglobal.h>

int main(int argc, char** argv)
{
  (void)argv;
#ifndef Q_WS_MAC
  return ((int*)(&Q_WS_MAC))[argc];
#else
  (void)argc;
  return 0;
#endif
}

